This file contains any messages produced by compilers while
running configure, to aid debugging if configure makes a mistake.

It was created by configure, which was
generated by GNU Autoconf 2.69.  Invocation command line was

  $ ./configure --with-php-config=/www/server/php/74/bin/php-config

## --------- ##
## Platform. ##
## --------- ##

hostname = VM_0_7_centos
uname -m = x86_64
uname -r = 3.10.0-1062.9.1.el7.x86_64
uname -s = Linux
uname -v = #1 SMP Fri Dec 6 15:49:49 UTC 2019

/usr/bin/uname -p = x86_64
/bin/uname -X     = unknown

/bin/arch              = x86_64
/usr/bin/arch -k       = unknown
/usr/convex/getsysinfo = unknown
/usr/bin/hostinfo      = unknown
/bin/machine           = unknown
/usr/bin/oslevel       = unknown
/bin/universe          = unknown

PATH: /bin
PATH: /sbin
PATH: /usr/bin
PATH: /usr/sbin
PATH: /usr/local/bin
PATH: /usr/local/sbin
PATH: /root/bin


## ----------- ##
## Core tests. ##
## ----------- ##

configure:2341: checking for grep that handles long lines and -e
configure:2399: result: /bin/grep
configure:2404: checking for egrep
configure:2466: result: /bin/grep -E
configure:2471: checking for a sed that does not truncate output
configure:2535: result: /bin/sed
configure:2674: checking for pkg-config
configure:2692: found /bin/pkg-config
configure:2704: result: /bin/pkg-config
configure:2729: checking pkg-config is at least version 0.9.0
configure:2732: result: yes
configure:2794: checking for cc
configure:2810: found /bin/cc
configure:2821: result: cc
configure:2852: checking for C compiler version
configure:2861: cc --version >&5
cc (GCC) 4.8.5 20150623 (Red Hat 4.8.5-39)
Copyright (C) 2015 Free Software Foundation, Inc.
This is free software; see the source for copying conditions.  There is NO
warranty; not even for MERCHANTABILITY or FITNESS FOR A PARTICULAR PURPOSE.

configure:2872: $? = 0
configure:2861: cc -v >&5
Using built-in specs.
COLLECT_GCC=cc
COLLECT_LTO_WRAPPER=/usr/libexec/gcc/x86_64-redhat-linux/4.8.5/lto-wrapper
Target: x86_64-redhat-linux
Configured with: ../configure --prefix=/usr --mandir=/usr/share/man --infodir=/usr/share/info --with-bugurl=http://bugzilla.redhat.com/bugzilla --enable-bootstrap --enable-shared --enable-threads=posix --enable-checking=release --with-system-zlib --enable-__cxa_atexit --disable-libunwind-exceptions --enable-gnu-unique-object --enable-linker-build-id --with-linker-hash-style=gnu --enable-languages=c,c++,objc,obj-c++,java,fortran,ada,go,lto --enable-plugin --enable-initfini-array --disable-libgcj --with-isl=/builddir/build/BUILD/gcc-4.8.5-20150702/obj-x86_64-redhat-linux/isl-install --with-cloog=/builddir/build/BUILD/gcc-4.8.5-20150702/obj-x86_64-redhat-linux/cloog-install --enable-gnu-indirect-function --with-tune=generic --with-arch_32=x86-64 --build=x86_64-redhat-linux
Thread model: posix
gcc version 4.8.5 20150623 (Red Hat 4.8.5-39) (GCC) 
configure:2872: $? = 0
configure:2861: cc -V >&5
cc: error: unrecognized command line option '-V'
cc: fatal error: no input files
compilation terminated.
configure:2872: $? = 4
configure:2861: cc -qversion >&5
cc: error: unrecognized command line option '-qversion'
cc: fatal error: no input files
compilation terminated.
configure:2872: $? = 4
configure:2892: checking whether the C compiler works
configure:2914: cc    conftest.c  >&5
configure:2918: $? = 0
configure:2966: result: yes
configure:2969: checking for C compiler default output file name
configure:2971: result: a.out
configure:2977: checking for suffix of executables
configure:2984: cc -o conftest    conftest.c  >&5
configure:2988: $? = 0
configure:3010: result: 
configure:3032: checking whether we are cross compiling
configure:3040: cc -o conftest    conftest.c  >&5
configure:3044: $? = 0
configure:3051: ./conftest
configure:3055: $? = 0
configure:3070: result: no
configure:3075: checking for suffix of object files
configure:3097: cc -c   conftest.c >&5
configure:3101: $? = 0
configure:3122: result: o
configure:3126: checking whether we are using the GNU C compiler
configure:3145: cc -c   conftest.c >&5
configure:3145: $? = 0
configure:3154: result: yes
configure:3163: checking whether cc accepts -g
configure:3183: cc -c -g  conftest.c >&5
configure:3183: $? = 0
configure:3224: result: yes
configure:3241: checking for cc option to accept ISO C89
configure:3304: cc  -c -g -O2  conftest.c >&5
configure:3304: $? = 0
configure:3317: result: none needed
configure:3343: checking how to run the C preprocessor
configure:3374: cc -E  conftest.c
configure:3374: $? = 0
configure:3388: cc -E  conftest.c
conftest.c:9:28: fatal error: ac_nonexistent.h: No such file or directory
 #include <ac_nonexistent.h>
                            ^
compilation terminated.
configure:3388: $? = 1
configure: failed program was:
| /* confdefs.h */
| #define PACKAGE_NAME ""
| #define PACKAGE_TARNAME ""
| #define PACKAGE_VERSION ""
| #define PACKAGE_STRING ""
| #define PACKAGE_BUGREPORT ""
| #define PACKAGE_URL ""
| /* end confdefs.h.  */
| #include <ac_nonexistent.h>
configure:3413: result: cc -E
configure:3433: cc -E  conftest.c
configure:3433: $? = 0
configure:3447: cc -E  conftest.c
conftest.c:9:28: fatal error: ac_nonexistent.h: No such file or directory
 #include <ac_nonexistent.h>
                            ^
compilation terminated.
configure:3447: $? = 1
configure: failed program was:
| /* confdefs.h */
| #define PACKAGE_NAME ""
| #define PACKAGE_TARNAME ""
| #define PACKAGE_VERSION ""
| #define PACKAGE_STRING ""
| #define PACKAGE_BUGREPORT ""
| #define PACKAGE_URL ""
| /* end confdefs.h.  */
| #include <ac_nonexistent.h>
configure:3478: checking for icc
configure:3487: result: no
configure:3501: checking for suncc
configure:3510: result: no
configure:3528: checking for system library directory
configure:3543: result: lib
configure:3550: checking if compiler supports -R
configure:3569: cc -o conftest -g -O2   conftest.c -R /usr/lib  >&5
cc: error: unrecognized command line option '-R'
configure:3569: $? = 1
configure: failed program was:
| /* confdefs.h */
| #define PACKAGE_NAME ""
| #define PACKAGE_TARNAME ""
| #define PACKAGE_VERSION ""
| #define PACKAGE_STRING ""
| #define PACKAGE_BUGREPORT ""
| #define PACKAGE_URL ""
| /* end confdefs.h.  */
| 
| int
| main ()
| {
| 
|   ;
|   return 0;
| }
configure:3579: result: no
configure:3584: checking if compiler supports -Wl,-rpath,
configure:3603: cc -o conftest -g -O2   conftest.c -Wl,-rpath,/usr/lib  >&5
configure:3603: $? = 0
configure:3613: result: yes
configure:3629: checking build system type
configure:3643: result: x86_64-pc-linux-gnu
configure:3663: checking host system type
configure:3676: result: x86_64-pc-linux-gnu
configure:3696: checking target system type
configure:3709: result: x86_64-pc-linux-gnu
configure:3812: checking for PHP prefix
configure:3814: result: /www/server/php/74
configure:3816: checking for PHP includes
configure:3818: result: -I/www/server/php/74/include/php -I/www/server/php/74/include/php/main -I/www/server/php/74/include/php/TSRM -I/www/server/php/74/include/php/Zend -I/www/server/php/74/include/php/ext -I/www/server/php/74/include/php/ext/date/lib
configure:3820: checking for PHP extension directory
configure:3822: result: /www/server/php/74/lib/php/extensions/no-debug-non-zts-20190902
configure:3824: checking for PHP installed headers prefix
configure:3826: result: /www/server/php/74/include/php
configure:3829: checking if debug is enabled
configure:3855: result: no
configure:3858: checking if zts is enabled
configure:3884: result: no
configure:3952: checking for gawk
configure:3969: found /bin/gawk
configure:3980: result: gawk
configure:4023: checking for zip archive read/write support
configure:4063: result: yes, shared
configure:4072: checking for libzip >= 0.11
configure:4079: $PKG_CONFIG --exists --print-errors "libzip >= 0.11"
configure:4082: $? = 0
configure:4096: $PKG_CONFIG --exists --print-errors "libzip >= 0.11"
configure:4099: $? = 0
configure:4157: result: yes
configure:4409: checking for zip_file_set_encryption in -lzip
configure:4434: cc -o conftest -g -O2   -lzip conftest.c -lzip   >&5
configure:4434: $? = 0
configure:4443: result: yes
configure:4575: checking for zip_libzip_version in -lzip
configure:4600: cc -o conftest -g -O2   -lzip conftest.c -lzip   >&5
configure:4600: $? = 0
configure:4609: result: yes
configure:4977: checking for a sed that does not truncate output
configure:5031: result: /bin/sed
configure:5045: checking for ld used by cc
configure:5112: result: /bin/ld
configure:5119: checking if the linker (/bin/ld) is GNU ld
configure:5134: result: yes
configure:5139: checking for /bin/ld option to reload object files
configure:5146: result: -r
configure:5164: checking for BSD-compatible nm
configure:5213: result: /bin/nm -B
configure:5217: checking whether ln -s works
configure:5221: result: yes
configure:5228: checking how to recognize dependent libraries
configure:5414: result: pass_all
configure:5499: cc -c -g -O2  conftest.c >&5
configure:5502: $? = 0
configure:5632: checking for ANSI C header files
configure:5652: cc -c -g -O2  conftest.c >&5
configure:5652: $? = 0
configure:5725: cc -o conftest -g -O2   conftest.c  >&5
configure:5725: $? = 0
configure:5725: ./conftest
configure:5725: $? = 0
configure:5736: result: yes
configure:5749: checking for sys/types.h
configure:5749: cc -c -g -O2  conftest.c >&5
configure:5749: $? = 0
configure:5749: result: yes
configure:5749: checking for sys/stat.h
configure:5749: cc -c -g -O2  conftest.c >&5
configure:5749: $? = 0
configure:5749: result: yes
configure:5749: checking for stdlib.h
configure:5749: cc -c -g -O2  conftest.c >&5
configure:5749: $? = 0
configure:5749: result: yes
configure:5749: checking for string.h
configure:5749: cc -c -g -O2  conftest.c >&5
configure:5749: $? = 0
configure:5749: result: yes
configure:5749: checking for memory.h
configure:5749: cc -c -g -O2  conftest.c >&5
configure:5749: $? = 0
configure:5749: result: yes
configure:5749: checking for strings.h
configure:5749: cc -c -g -O2  conftest.c >&5
configure:5749: $? = 0
configure:5749: result: yes
configure:5749: checking for inttypes.h
configure:5749: cc -c -g -O2  conftest.c >&5
configure:5749: $? = 0
configure:5749: result: yes
configure:5749: checking for stdint.h
configure:5749: cc -c -g -O2  conftest.c >&5
configure:5749: $? = 0
configure:5749: result: yes
configure:5749: checking for unistd.h
configure:5749: cc -c -g -O2  conftest.c >&5
configure:5749: $? = 0
configure:5749: result: yes
configure:5763: checking dlfcn.h usability
configure:5763: cc -c -g -O2  conftest.c >&5
configure:5763: $? = 0
configure:5763: result: yes
configure:5763: checking dlfcn.h presence
configure:5763: cc -E  conftest.c
configure:5763: $? = 0
configure:5763: result: yes
configure:5763: checking for dlfcn.h
configure:5763: result: yes
configure:5785: checking the maximum length of command line arguments
configure:5897: result: 1572864
configure:5909: checking command to parse /bin/nm -B output from cc object
configure:6014: cc -c -g -O2  conftest.c >&5
configure:6017: $? = 0
configure:6021: /bin/nm -B conftest.o \| sed -n -e 's/^.*[ 	]\([ABCDGIRSTW][ABCDGIRSTW]*\)[ 	][ 	]*\([_A-Za-z][_A-Za-z0-9]*\)$/\1 \2 \2/p' \> conftest.nm
configure:6024: $? = 0
configure:6076: cc -o conftest -g -O2   conftest.c conftstm.o >&5
configure:6079: $? = 0
configure:6117: result: ok
configure:6121: checking for objdir
configure:6136: result: .libs
configure:6228: checking for ar
configure:6244: found /bin/ar
configure:6255: result: ar
configure:6320: checking for ranlib
configure:6336: found /bin/ranlib
configure:6347: result: ranlib
configure:6412: checking for strip
configure:6428: found /bin/strip
configure:6439: result: strip
configure:7008: checking if cc supports -fno-rtti -fno-exceptions
configure:7026: cc -c -g -O2  -fno-rtti -fno-exceptions conftest.c >&5
cc1: warning: command line option '-fno-rtti' is valid for C++/ObjC++ but not for C [enabled by default]
configure:7030: $? = 0
configure:7043: result: no
configure:7058: checking for cc option to produce PIC
configure:7298: result: -fPIC
configure:7306: checking if cc PIC flag -fPIC works
configure:7324: cc -c -g -O2  -fPIC -DPIC conftest.c >&5
configure:7328: $? = 0
configure:7341: result: yes
configure:7369: checking if cc static flag -static works
configure:7397: result: no
configure:7407: checking if cc supports -c -o file.o
configure:7428: cc -c -g -O2  -o out/conftest2.o conftest.c >&5
configure:7432: $? = 0
configure:7454: result: yes
configure:7480: checking whether the cc linker (/bin/ld -m elf_x86_64) supports shared libraries
configure:8408: result: yes
configure:8429: checking whether -lc should be explicitly linked in
configure:8434: cc -c -g -O2  conftest.c >&5
configure:8437: $? = 0
configure:8452: cc -shared conftest.o  -v -Wl,-soname -Wl,conftest -o conftest 2\>\&1 \| grep  -lc  \>/dev/null 2\>\&1
configure:8455: $? = 0
configure:8467: result: no
configure:8475: checking dynamic linker characteristics
configure:9073: result: GNU/Linux ld.so
configure:9097: checking how to hardcode library paths into programs
configure:9122: result: immediate
configure:9136: checking whether stripping libraries is possible
configure:9141: result: yes
configure:9658: checking if libtool supports shared libraries
configure:9660: result: yes
configure:9663: checking whether to build shared libraries
configure:9684: result: yes
configure:9687: checking whether to build static libraries
configure:9691: result: no
configure:9786: result:
creating libtool
configure:13482: patching config.h.in
configure:13493: creating ./config.status

## ---------------------- ##
## Running config.status. ##
## ---------------------- ##

This file was extended by config.status, which was
generated by GNU Autoconf 2.69.  Invocation command line was

  CONFIG_FILES    = 
  CONFIG_HEADERS  = 
  CONFIG_LINKS    = 
  CONFIG_COMMANDS = 
  $ ./config.status 

on VM_0_7_centos

config.status:679: creating config.h

## ---------------- ##
## Cache variables. ##
## ---------------- ##

ac_cv_build=x86_64-pc-linux-gnu
ac_cv_c_compiler_gnu=yes
ac_cv_env_CC_set=
ac_cv_env_CC_value=
ac_cv_env_CFLAGS_set=
ac_cv_env_CFLAGS_value=
ac_cv_env_CPPFLAGS_set=
ac_cv_env_CPPFLAGS_value=
ac_cv_env_CPP_set=
ac_cv_env_CPP_value=
ac_cv_env_LDFLAGS_set=
ac_cv_env_LDFLAGS_value=
ac_cv_env_LIBS_set=
ac_cv_env_LIBS_value=
ac_cv_env_LIBZIP_CFLAGS_set=
ac_cv_env_LIBZIP_CFLAGS_value=
ac_cv_env_LIBZIP_LIBS_set=
ac_cv_env_LIBZIP_LIBS_value=
ac_cv_env_PKG_CONFIG_LIBDIR_set=
ac_cv_env_PKG_CONFIG_LIBDIR_value=
ac_cv_env_PKG_CONFIG_PATH_set=
ac_cv_env_PKG_CONFIG_PATH_value=
ac_cv_env_PKG_CONFIG_set=
ac_cv_env_PKG_CONFIG_value=
ac_cv_env_build_alias_set=
ac_cv_env_build_alias_value=
ac_cv_env_host_alias_set=
ac_cv_env_host_alias_value=
ac_cv_env_target_alias_set=
ac_cv_env_target_alias_value=
ac_cv_header_dlfcn_h=yes
ac_cv_header_inttypes_h=yes
ac_cv_header_memory_h=yes
ac_cv_header_stdc=yes
ac_cv_header_stdint_h=yes
ac_cv_header_stdlib_h=yes
ac_cv_header_string_h=yes
ac_cv_header_strings_h=yes
ac_cv_header_sys_stat_h=yes
ac_cv_header_sys_types_h=yes
ac_cv_header_unistd_h=yes
ac_cv_host=x86_64-pc-linux-gnu
ac_cv_lib_zip_zip_file_set_encryption=yes
ac_cv_lib_zip_zip_libzip_version=yes
ac_cv_objext=o
ac_cv_path_EGREP='/bin/grep -E'
ac_cv_path_GREP=/bin/grep
ac_cv_path_SED=/bin/sed
ac_cv_path_ac_pt_PKG_CONFIG=/bin/pkg-config
ac_cv_prog_AWK=gawk
ac_cv_prog_CPP='cc -E'
ac_cv_prog_ac_ct_AR=ar
ac_cv_prog_ac_ct_CC=cc
ac_cv_prog_ac_ct_RANLIB=ranlib
ac_cv_prog_ac_ct_STRIP=strip
ac_cv_prog_cc_c89=
ac_cv_prog_cc_g=yes
ac_cv_target=x86_64-pc-linux-gnu
lt_cv_deplibs_check_method=pass_all
lt_cv_file_magic_cmd='$MAGIC_CMD'
lt_cv_file_magic_test_file=
lt_cv_ld_reload_flag=-r
lt_cv_objdir=.libs
lt_cv_path_LD=/bin/ld
lt_cv_path_NM='/bin/nm -B'
lt_cv_path_SED=/bin/sed
lt_cv_prog_compiler_c_o=yes
lt_cv_prog_compiler_pic_works=yes
lt_cv_prog_compiler_rtti_exceptions=no
lt_cv_prog_compiler_static_works=no
lt_cv_prog_gnu_ld=yes
lt_cv_sys_global_symbol_pipe='sed -n -e '\''s/^.*[ 	]\([ABCDGIRSTW][ABCDGIRSTW]*\)[ 	][ 	]*\([_A-Za-z][_A-Za-z0-9]*\)$/\1 \2 \2/p'\'''
lt_cv_sys_global_symbol_to_c_name_address='sed -n -e '\''s/^: \([^ ]*\) $/  {\"\1\", (lt_ptr) 0},/p'\'' -e '\''s/^[BCDEGRST] \([^ ]*\) \([^ ]*\)$/  {"\2", (lt_ptr) \&\2},/p'\'''
lt_cv_sys_global_symbol_to_cdecl='sed -n -e '\''s/^. .* \(.*\)$/extern int \1;/p'\'''
lt_cv_sys_lib_dlsearch_path_spec='/lib /usr/lib /usr/lib64//bind9-export/ /usr/lib64/dyninst /usr/lib64/mysql /www/server/mysql/lib /usr/local/openssl111/lib /usr/local/openssl/lib /usr/local/lib '
lt_cv_sys_lib_search_path_spec='/usr/lib/gcc/x86_64-redhat-linux/4.8.5 /usr/lib64 /lib64'
lt_cv_sys_max_cmd_len=1572864
lt_lt_cv_prog_compiler_c_o='"yes"'
lt_lt_cv_sys_global_symbol_pipe='"sed -n -e '\''s/^.*[ 	]\\([ABCDGIRSTW][ABCDGIRSTW]*\\)[ 	][ 	]*\\([_A-Za-z][_A-Za-z0-9]*\\)\$/\\1 \\2 \\2/p'\''"'
lt_lt_cv_sys_global_symbol_to_c_name_address='"sed -n -e '\''s/^: \\([^ ]*\\) \$/  {\\\"\\1\\\", (lt_ptr) 0},/p'\'' -e '\''s/^[BCDEGRST] \\([^ ]*\\) \\([^ ]*\\)\$/  {\"\\2\", (lt_ptr) \\&\\2},/p'\''"'
lt_lt_cv_sys_global_symbol_to_cdecl='"sed -n -e '\''s/^. .* \\(.*\\)\$/extern int \\1;/p'\''"'
php_cv_cc_dashr=no
php_cv_cc_rpath=yes
pkg_cv_LIBZIP_CFLAGS=' '
pkg_cv_LIBZIP_LIBS='-lzip  '

## ----------------- ##
## Output variables. ##
## ----------------- ##

AR='ar'
AWK='gawk'
CC='cc'
CFLAGS='-g -O2'
CONFIGURE_COMMAND=' '\''./configure'\''  '\''--with-php-config=/www/server/php/74/bin/php-config'\'''
CONFIGURE_OPTIONS=' '\''--with-php-config=/www/server/php/74/bin/php-config'\'''
CPP='cc -E'
CPPFLAGS=' -DHAVE_CONFIG_H'
DEFS='-DHAVE_CONFIG_H'
DSYMUTIL=''
ECHO='echo'
ECHO_C=''
ECHO_N='-n'
ECHO_T=''
EGREP='/bin/grep -E'
EXEEXT=''
GREP='/bin/grep'
LDFLAGS=''
LIBOBJS=''
LIBS=''
LIBTOOL='$(SHELL) $(top_builddir)/libtool'
LIBZIP_CFLAGS=' '
LIBZIP_LIBS='-lzip  '
LN_S='ln -s'
LTLIBOBJS=''
NMEDIT=''
OBJEXT='o'
PACKAGE_BUGREPORT=''
PACKAGE_NAME=''
PACKAGE_STRING=''
PACKAGE_TARNAME=''
PACKAGE_URL=''
PACKAGE_VERSION=''
PATH_SEPARATOR=':'
PKG_CONFIG='/bin/pkg-config'
PKG_CONFIG_LIBDIR=''
PKG_CONFIG_PATH=''
RANLIB='ranlib'
SED='/bin/sed'
SHELL='/bin/sh'
SHLIB_DL_SUFFIX_NAME='so'
SHLIB_SUFFIX_NAME='so'
STRIP='strip'
ac_ct_CC='cc'
bindir='${exec_prefix}/bin'
build='x86_64-pc-linux-gnu'
build_alias=''
build_cpu='x86_64'
build_os='linux-gnu'
build_vendor='pc'
datadir='${datarootdir}'
datarootdir='${prefix}/share'
docdir='${datarootdir}/doc/${PACKAGE}'
dvidir='${docdir}'
exec_prefix='$(prefix)'
host='x86_64-pc-linux-gnu'
host_alias='x86_64-pc-linux-gnu'
host_cpu='x86_64'
host_os='linux-gnu'
host_vendor='pc'
htmldir='${docdir}'
includedir='${prefix}/include'
infodir='${datarootdir}/info'
libdir='${exec_prefix}/lib'
libexecdir='${exec_prefix}/libexec'
localedir='${datarootdir}/locale'
localstatedir='${prefix}/var'
mandir='${datarootdir}/man'
oldincludedir='/usr/include'
pdfdir='${docdir}'
prefix='/www/server/php/74'
program_transform_name='s,x,x,'
psdir='${docdir}'
sbindir='${exec_prefix}/sbin'
sharedstatedir='${prefix}/com'
sysconfdir='${prefix}/etc'
target='x86_64-pc-linux-gnu'
target_alias=''
target_cpu='x86_64'
target_os='linux-gnu'
target_vendor='pc'

## ----------- ##
## confdefs.h. ##
## ----------- ##

/* confdefs.h */
#define PACKAGE_NAME ""
#define PACKAGE_TARNAME ""
#define PACKAGE_VERSION ""
#define PACKAGE_STRING ""
#define PACKAGE_BUGREPORT ""
#define PACKAGE_URL ""
#define HAVE_ENCRYPTION 1
#define HAVE_LIBZIP_VERSION 1
#define HAVE_ZIP 1
#define COMPILE_DL_ZIP 1
#define STDC_HEADERS 1
#define HAVE_SYS_TYPES_H 1
#define HAVE_SYS_STAT_H 1
#define HAVE_STDLIB_H 1
#define HAVE_STRING_H 1
#define HAVE_MEMORY_H 1
#define HAVE_STRINGS_H 1
#define HAVE_INTTYPES_H 1
#define HAVE_STDINT_H 1
#define HAVE_UNISTD_H 1
#define HAVE_DLFCN_H 1

configure: exit 0
